<?xml version="1.0" encoding="utf-8"?><testsuites name="pytest tests"><testsuite name="pytest" errors="0" failures="0" skipped="0" tests="8" time="39.529" timestamp="2026-07-21T16:43:43.326627+00:00" hostname="agent-env-06a4def0-ae15-4609-bf1b-81227abb9a4c"><testcase classname="tests.test_ada" name="test_messages_empty_for_fresh_borrower" time="0.821" /><testcase classname="tests.test_ada" name="test_admin_cannot_access_client_ada_messages" time="0.517" /><testcase classname="tests.test_ada" name="test_chat_basic_streaming_and_persistence" time="7.700" /><testcase classname="tests.test_ada" name="test_lox_draft_generation" time="6.622" /><testcase classname="tests.test_ada" name="test_personal_guarantee_broker_note" time="7.321" /><testcase classname="tests.test_ada" name="test_run_nudges_admin_only" time="2.274" /><testcase classname="tests.test_ada" name="test_no_rate_quote_guardrail" time="6.228" /><testcase classname="tests.test_ada" name="test_no_qualification_yes_no" time="7.685" /></testsuite></testsuites>