<?xml version="1.0" encoding="utf-8"?><testsuites name="pytest tests"><testsuite name="pytest" errors="0" failures="1" skipped="1" tests="10" time="2.893" timestamp="2026-07-19T21:59:21.208867+00:00" hostname="agent-env-06a4def0-ae15-4609-bf1b-81227abb9a4c"><testcase classname="tests.test_assistant_email.TestAssistantEmailSend" name="test_off_domain_returns_502_with_pending_approval_hint" time="0.821" /><testcase classname="tests.test_assistant_email.TestAssistantRegressions" name="test_get_tasks" time="0.842" /><testcase classname="tests.test_assistant_email.TestAssistantEmailSend" name="test_off_domain_public_url_cloudflare_masks_detail" time="0.144" /><testcase classname="tests.test_assistant_email.TestAssistantRegressions" name="test_get_messages" time="0.130" /><testcase classname="tests.test_assistant_email.TestAssistantEmailSend" name="test_same_domain_returns_200_sent" time="0.171"><failure message="AssertionError: expected 200, got 502: &lt;!DOCTYPE html&gt;&#10;  &lt;!--[if lt IE 7]&gt; &lt;html class=&quot;no-js ie6 oldie&quot; lang=&quot;en-US&quot;&gt; &lt;![endif]--&gt;&#10;  &lt;!--[if IE 7]&gt;    &lt;html class=&quot;no-js ie7 oldie&quot; lang=&quot;en-US&quot;&gt; &lt;![endif]--&gt;&#10;  &lt;!--[if IE 8]&gt;    &lt;html class=&quot;no-js ie8 oldie&quot; lang=&quot;en-US&quot;&gt; &lt;![endif]--&gt;&#10;  &lt;!--[if gt IE 8]&gt;&lt;!--&gt; &lt;html class=&quot;no-js&quot; lang=&quot;en-US&quot;&gt; &lt;!--&lt;![endif]--&gt;&#10;  &lt;head&gt;&#10;  &#10;  &lt;title&gt;preview.emergentagent.com | 502: Bad gateway&lt;/title&gt;&#10;  &lt;meta charset=&quot;UTF-8&quot; /&gt;&#10;  &lt;meta http-equiv=&quot;Content-Type&quot; content=&quot;text/html; charset=UTF-8&quot; /&gt;&#10;  &lt;meta http-equiv=&quot;X-UA-Compatible&quot; content=&quot;IE=Edge&quot; /&gt;&#10;  &lt;meta name=&quot;robots&quot; content=&quot;noindex, nofollow&quot; /&gt;&#10;  &lt;meta name=&quot;vie&#10;assert 502 == 200&#10; +  where 502 = &lt;Response [502]&gt;.status_code">backend/tests/test_assistant_email.py:77: in test_same_domain_returns_200_sent
    assert r.status_code == 200, f"expected 200, got {r.status_code}: {r.text[:600]}"
E   AssertionError: expected 200, got 502: &lt;!DOCTYPE html&gt;
E     &lt;!--[if lt IE 7]&gt; &lt;html class="no-js ie6 oldie" lang="en-US"&gt; &lt;![endif]--&gt;
E     &lt;!--[if IE 7]&gt;    &lt;html class="no-js ie7 oldie" lang="en-US"&gt; &lt;![endif]--&gt;
E     &lt;!--[if IE 8]&gt;    &lt;html class="no-js ie8 oldie" lang="en-US"&gt; &lt;![endif]--&gt;
E     &lt;!--[if gt IE 8]&gt;&lt;!--&gt; &lt;html class="no-js" lang="en-US"&gt; &lt;!--&lt;![endif]--&gt;
E     &lt;head&gt;
E     
E     &lt;title&gt;preview.emergentagent.com | 502: Bad gateway&lt;/title&gt;
E     &lt;meta charset="UTF-8" /&gt;
E     &lt;meta http-equiv="Content-Type" content="text/html; charset=UTF-8" /&gt;
E     &lt;meta http-equiv="X-UA-Compatible" content="IE=Edge" /&gt;
E     &lt;meta name="robots" content="noindex, nofollow" /&gt;
E     &lt;meta name="vie
E   assert 502 == 200
E    +  where 502 = &lt;Response [502]&gt;.status_code</failure></testcase><testcase classname="tests.test_assistant_email.TestAssistantRegressions" name="test_get_teammates" time="0.102" /><testcase classname="tests.test_assistant_email.TestAssistantRegressions" name="test_post_reset" time="0.109" /><testcase classname="tests.test_assistant_email.TestAssistantEmailSend" name="test_failed_record_written_to_db" time="0.288" /><testcase classname="tests.test_assistant_email.TestAssistantRegressions" name="test_post_chat_sse" time="1.263" /><testcase classname="tests.test_assistant_email.TestAssistantRegressions" name="test_task_reply" time="0.101"><skipped type="pytest.skip" message="No handoff-type task available to reply to (endpoint only allows reply to handoff tasks)">/app/backend/tests/test_assistant_email.py:152: No handoff-type task available to reply to (endpoint only allows reply to handoff tasks)</skipped></testcase></testsuite></testsuites>