<?xml version="1.0" encoding="utf-8"?><testsuites name="pytest tests"><testsuite name="pytest" errors="0" failures="1" skipped="0" tests="8" time="2.957" timestamp="2026-07-19T22:02:32.817858+00:00" hostname="agent-env-06a4def0-ae15-4609-bf1b-81227abb9a4c"><testcase classname="tests.test_assistant_email.TestAssistantRegressions" name="test_get_tasks" time="0.661" /><testcase classname="tests.test_assistant_email.TestAssistantEmailSend" name="test_off_domain_returns_400_json_not_html" time="0.931" /><testcase classname="tests.test_assistant_email.TestAssistantRegressions" name="test_get_messages" time="0.268" /><testcase classname="tests.test_assistant_email.TestAssistantRegressions" name="test_get_teammates" time="0.107" /><testcase classname="tests.test_assistant_email.TestAssistantEmailSend" name="test_same_domain_returns_200_sent" time="0.156"><failure message="AssertionError: expected 200, got 400: {&quot;detail&quot;:&quot;Postmark account is still pending approval — right now it can only send to addresses on your own domain (@byrd-co.com). Request approval in the Postmark dashboard, then this email will go out. Raw error: [412] While your account is pending approval, all recipient addresses must share the same domain as the 'From' address. The domain of the 'From' address is 'mail.byrd-co.com', but you are attempting to send email to the following domain(s): 'byrd-co.com'.&quot;}&#10;assert 400 == 200&#10; +  where 400 = &lt;Response [400]&gt;.status_code">backend/tests/test_assistant_email.py:74: in test_same_domain_returns_200_sent
    assert r.status_code == 200, f"expected 200, got {r.status_code}: {r.text[:800]}"
E   AssertionError: expected 200, got 400: {"detail":"Postmark account is still pending approval — right now it can only send to addresses on your own domain (@byrd-co.com). Request approval in the Postmark dashboard, then this email will go out. Raw error: [412] While your account is pending approval, all recipient addresses must share the same domain as the 'From' address. The domain of the 'From' address is 'mail.byrd-co.com', but you are attempting to send email to the following domain(s): 'byrd-co.com'."}
E   assert 400 == 200
E    +  where 400 = &lt;Response [400]&gt;.status_code</failure></testcase><testcase classname="tests.test_assistant_email.TestAssistantRegressions" name="test_post_reset" time="0.103" /><testcase classname="tests.test_assistant_email.TestAssistantEmailSend" name="test_failed_record_written_to_db" time="0.139" /><testcase classname="tests.test_assistant_email.TestAssistantRegressions" name="test_post_chat_sse" time="1.367" /></testsuite></testsuites>