<?xml version="1.0" encoding="utf-8"?><testsuites name="pytest tests"><testsuite name="pytest" errors="0" failures="0" skipped="0" tests="13" time="7.681" timestamp="2026-08-30T02:44:54.439307+00:00" hostname="agent-env-06a4def0-ae15-4609-bf1b-81227abb9a4c"><testcase classname="tests.test_deal_contacts.TestAdminCrud" name="test_full_crud_roundtrip" time="1.865" /><testcase classname="tests.test_deal_contacts.TestClientCrud" name="test_owning_client_crud" time="0.488" /><testcase classname="tests.test_deal_contacts.TestRbac" name="test_client_cannot_touch_foreign_scenario" time="0.452" /><testcase classname="tests.test_deal_contacts.TestRbac" name="test_lender_read_only" time="1.038" /><testcase classname="tests.test_deal_contacts.TestRbac" name="test_unauthenticated_rejected" time="0.112" /><testcase classname="tests.test_deal_contacts.TestValidationAnd404" name="test_custom_type_required" time="0.133" /><testcase classname="tests.test_deal_contacts.TestValidationAnd404" name="test_custom_type_accepted" time="0.204" /><testcase classname="tests.test_deal_contacts.TestValidationAnd404" name="test_unknown_type_falls_back_to_custom" time="0.123" /><testcase classname="tests.test_deal_contacts.TestValidationAnd404" name="test_scenario_404_all_verbs" time="0.446" /><testcase classname="tests.test_deal_contacts.TestValidationAnd404" name="test_contact_404" time="0.248" /><testcase classname="tests.test_deal_contacts.TestAuditViaApi" name="test_audit_log_api_shows_contact_actions" time="1.985" /><testcase classname="tests.test_deal_contacts.TestLenderViewToken" name="test_token_returns_contacts" time="0.348" /><testcase classname="tests.test_deal_contacts.TestLenderViewToken" name="test_unknown_token_404" time="0.142" /></testsuite></testsuites>