<?xml version="1.0" encoding="utf-8"?><testsuites name="pytest tests"><testsuite name="pytest" errors="0" failures="0" skipped="1" tests="20" time="7.289" timestamp="2026-07-25T23:14:22.684560+00:00" hostname="agent-env-06a4def0-ae15-4609-bf1b-81227abb9a4c"><testcase classname="tests.test_financials_summary.TestFinancials" name="test_get_financials_shape" time="2.678" /><testcase classname="tests.test_financials_summary.TestSummary" name="test_get_summary_defaults" time="2.761" /><testcase classname="tests.test_financials_summary.TestFinancials" name="test_patch_uw_assumptions_persists" time="0.088" /><testcase classname="tests.test_financials_summary.TestSummary" name="test_patch_summary_config" time="0.086" /><testcase classname="tests.test_financials_summary.TestFinancials" name="test_add_period_computed_and_autoselect" time="0.047" /><testcase classname="tests.test_financials_summary.TestFinancials" name="test_reserves_excluded_when_flag_off" time="0.084" /><testcase classname="tests.test_financials_summary.TestSummary" name="test_photo_upload_cap" time="0.342" /><testcase classname="tests.test_financials_summary.TestFinancials" name="test_patch_period_partial_merge" time="0.047" /><testcase classname="tests.test_financials_summary.TestFinancials" name="test_select_period_and_metrics_source" time="0.097" /><testcase classname="tests.test_financials_summary.TestFinancials" name="test_dscr_and_debt_yield_math" time="0.043" /><testcase classname="tests.test_financials_summary.TestFinancials" name="test_delete_period_reselect" time="0.089" /><testcase classname="tests.test_financials_summary.TestFinancials" name="test_parse_doc_404_bad_file" time="0.045" /><testcase classname="tests.test_financials_summary.TestSummary" name="test_get_photo_bytes" time="0.042" /><testcase classname="tests.test_financials_summary.TestFinancials" name="test_parse_doc_422_no_text" time="2.239"><skipped type="pytest.skip" message="Direct client_files upload without content skipped in this env; 404 path covered.">/app/backend/tests/test_financials_summary.py:212: Direct client_files upload without content skipped in this env; 404 path covered.</skipped></testcase><testcase classname="tests.test_financials_summary.TestSummary" name="test_delete_photo" time="0.041" /><testcase classname="tests.test_financials_summary.TestSummary" name="test_generate_pdf" time="1.160" /><testcase classname="tests.test_financials_summary.TestSummary" name="test_save_to_portal_creates_doc" time="2.177" /><testcase classname="tests.test_financials_summary.TestAuth" name="test_financials_requires_admin" time="0.688" /><testcase classname="tests.test_financials_summary.TestAuth" name="test_summary_requires_admin" time="0.043" /><testcase classname="tests.test_financials_summary.TestOccupancy" name="test_occupancy_type_values" time="0.297" /></testsuite></testsuites>