<?xml version="1.0" encoding="utf-8"?><testsuites name="pytest tests"><testsuite name="pytest" errors="0" failures="2" skipped="1" tests="24" time="82.045" timestamp="2026-08-30T02:11:31.180332+00:00" hostname="agent-env-06a4def0-ae15-4609-bf1b-81227abb9a4c"><testcase classname="tests.test_audit_log.TestAuditLog" name="test_01_login_success_event" time="0.360" /><testcase classname="tests.test_audit_log.TestAuditLog" name="test_02_login_failure_event" time="0.145" /><testcase classname="tests.test_audit_log.TestAuditLog" name="test_03_login_failure_wrong_password_real_user" time="0.339" /><testcase classname="tests.test_audit_log.TestAuditLog" name="test_04_password_ok_then_2fa_success" time="3.251" /><testcase classname="tests.test_audit_log.TestAuditLog" name="test_05_2fa_challenge_failure_event" time="2.711" /><testcase classname="tests.test_audit_log.TestAuditLog" name="test_06_client_doc_upload_view_download_delete" time="1.710"><failure message="AssertionError: document.delete resource_name should be the filename, got None&#10;assert None == 'TEST_audit_upload.txt'">E   AssertionError: document.delete resource_name should be the filename, got None
    assert None == 'TEST_audit_upload.txt'</failure></testcase><testcase classname="tests.test_audit_log.TestAuditLog" name="test_07_scenario_crud_and_admin_doc_events" time="1.096"><failure message="AssertionError: admin document.delete resource_name should be filename, got None&#10;assert None == 'TEST_admin_upload.txt'">E   AssertionError: admin document.delete resource_name should be filename, got None
    assert None == 'TEST_admin_upload.txt'</failure></testcase><testcase classname="tests.test_audit_log.TestAuditLog" name="test_08_term_sheet_events" time="0.696" /><testcase classname="tests.test_audit_log.TestAuditLog" name="test_08b_term_sheet_document_view_and_download" time="0.620" /><testcase classname="tests.test_audit_log.TestAuditLog" name="test_09_invite_events" time="0.253" /><testcase classname="tests.test_audit_log.TestAuditLog" name="test_10_password_reset_request_events" time="0.228" /><testcase classname="tests.test_audit_log.TestAuditLog" name="test_11_admin_2fa_reset_event" time="0.108" /><testcase classname="tests.test_audit_log.TestAuditLog" name="test_12_rbac_audit_log" time="0.468" /><testcase classname="tests.test_audit_log.TestAuditLog" name="test_13_filters" time="0.443" /><testcase classname="tests.test_audit_log.TestAuditLog" name="test_14_q_regex_special_chars_safe" time="0.656" /><testcase classname="tests.test_audit_log.TestAuditLog" name="test_15_date_filters_end_of_day" time="0.251" /><testcase classname="tests.test_audit_log.TestAuditLog" name="test_16_pagination" time="44.576" /><testcase classname="tests.test_audit_log.TestAuditLog" name="test_17_event_types_endpoint" time="20.497" /><testcase classname="tests.test_audit_log.TestAuditLog" name="test_18_csv_export" time="1.402" /><testcase classname="tests.test_audit_log.TestAuditLog" name="test_19_csv_export_large_limit_not_capped_at_500" time="0.001"><skipped type="pytest.skip" message="only 78 audit rows — cannot test &gt;500 export">/app/backend/tests/test_audit_log.py:575: only 78 audit rows — cannot test &gt;500 export</skipped></testcase><testcase classname="tests.test_audit_log.TestAuditLog" name="test_20_ip_extraction_xff" time="0.116" /><testcase classname="tests.test_audit_log.TestAuditLog" name="test_21_ip_extraction_xrealip" time="0.128" /><testcase classname="tests.test_audit_log.TestAuditLog" name="test_22_log_event_never_raises" time="0.167" /><testcase classname="tests.test_audit_log.TestAuditLog" name="test_23_login_still_works_when_audit_write_fails" time="0.806" /></testsuite></testsuites>