<?xml version="1.0" encoding="utf-8"?><testsuites name="pytest tests"><testsuite name="pytest" errors="0" failures="0" skipped="0" tests="25" time="3.060" timestamp="2026-07-22T00:44:33.149923+00:00" hostname="agent-env-06a4def0-ae15-4609-bf1b-81227abb9a4c"><testcase classname="tests.test_lender_marketplace" name="test_1_public_apply" time="0.288" /><testcase classname="tests.test_lender_marketplace" name="test_2_duplicate_apply_rejected" time="0.051" /><testcase classname="tests.test_lender_marketplace" name="test_3_admin_pending_lenders" time="0.331" /><testcase classname="tests.test_lender_marketplace" name="test_4_admin_approve_lender" time="0.059" /><testcase classname="tests.test_lender_marketplace" name="test_5_get_activation" time="0.056" /><testcase classname="tests.test_lender_marketplace" name="test_6_activate_lender" time="0.271" /><testcase classname="tests.test_lender_marketplace" name="test_7_reuse_token_rejected" time="0.048" /><testcase classname="tests.test_lender_marketplace" name="test_8_lender_me" time="0.055" /><testcase classname="tests.test_lender_marketplace" name="test_9_update_credit_box" time="0.056" /><testcase classname="tests.test_lender_marketplace" name="test_10_match_suggestions" time="0.060" /><testcase classname="tests.test_lender_marketplace" name="test_11_invite_lender" time="0.064" /><testcase classname="tests.test_lender_marketplace" name="test_12_invite_idempotent" time="0.055" /><testcase classname="tests.test_lender_marketplace" name="test_13_lender_invites" time="0.053" /><testcase classname="tests.test_lender_marketplace" name="test_14_submit_term_sheet" time="0.062" /><testcase classname="tests.test_lender_marketplace" name="test_15_resubmit_updates_same_row" time="0.051" /><testcase classname="tests.test_lender_marketplace" name="test_16_admin_list_term_sheets" time="0.052" /><testcase classname="tests.test_lender_marketplace" name="test_17_admin_counter" time="0.051" /><testcase classname="tests.test_lender_marketplace" name="test_18_client_can_read_term_sheets" time="0.329" /><testcase classname="tests.test_lender_marketplace" name="test_19_client_403_on_foreign_scenario" time="0.056" /><testcase classname="tests.test_lender_marketplace" name="test_20_lender_cannot_hit_admin" time="0.049" /><testcase classname="tests.test_lender_marketplace" name="test_21_client_cannot_submit_term_sheet" time="0.051" /><testcase classname="tests.test_lender_marketplace" name="test_22_admin_cannot_hit_lender_me" time="0.055" /><testcase classname="tests.test_lender_marketplace" name="test_23_lender_withdraw" time="0.057" /><testcase classname="tests.test_lender_marketplace" name="test_24_withdrawn_hidden_from_client" time="0.047" /><testcase classname="tests.test_lender_marketplace" name="test_99_cleanup" time="0.003" /></testsuite></testsuites>