<?xml version="1.0" encoding="utf-8"?><testsuites name="pytest tests"><testsuite name="pytest" errors="0" failures="2" skipped="0" tests="13" time="4.296" timestamp="2026-07-23T02:03:14.433560+00:00" hostname="agent-env-06a4def0-ae15-4609-bf1b-81227abb9a4c"><testcase classname="tests.test_multi_sponsor" name="test_01_create_multi_sponsor_scenario" time="1.129" /><testcase classname="tests.test_multi_sponsor" name="test_02_get_scenario_seeds_docs" time="0.133" /><testcase classname="tests.test_multi_sponsor" name="test_03_patch_sponsors_persists" time="0.360" /><testcase classname="tests.test_multi_sponsor" name="test_04_patch_bob_managing_auto_demote" time="0.526"><failure message="AssertionError: Spec: only one managing per deal. Got 2. Backend does not auto-demote prior managing when a different sponsor is promoted.&#10;assert 2 == 1">backend/tests/test_multi_sponsor.py:176: in test_04_patch_bob_managing_auto_demote
    assert managing_count == 1, (
E   AssertionError: Spec: only one managing per deal. Got 2. Backend does not auto-demote prior managing when a different sponsor is promoted.
E   assert 2 == 1</failure></testcase><testcase classname="tests.test_multi_sponsor" name="test_05_patch_doc_sponsor_scope" time="0.352" /><testcase classname="tests.test_multi_sponsor" name="test_06_client_me_sees_all_alice_docs" time="0.109" /><testcase classname="tests.test_multi_sponsor" name="test_07_client_me_hides_bob_scoped_docs" time="0.232"><failure message="AssertionError: Doc scoped to Bob still appears in Alice/primary client view — spec says it must disappear. Backend has 'is_primary' exemption that overrides sponsor scoping (see /api/client/me).&#10;assert '3c2c39e1-88e5-4838-858e-65a31ff7d15c' not in {'0adb8493-6cf6-499e-bbba-3d849e0bace0', '3c2c39e1-88e5-4838-858e-65a31ff7d15c', '4040a35e-82a8-4d5a-bde1-14cf567dddda', '48c63364-a9d1-4602-a051-e954b40ff40a', '52fe3a04-2fb7-4d0f-9b71-2d1a1895aa15', '67259cf0-a66e-491b-a080-d90ccf594f67', ...}">backend/tests/test_multi_sponsor.py:225: in test_07_client_me_hides_bob_scoped_docs
    assert doc_id not in ids, (
E   AssertionError: Doc scoped to Bob still appears in Alice/primary client view — spec says it must disappear. Backend has 'is_primary' exemption that overrides sponsor scoping (see /api/client/me).
E   assert '3c2c39e1-88e5-4838-858e-65a31ff7d15c' not in {'0adb8493-6cf6-499e-bbba-3d849e0bace0', '3c2c39e1-88e5-4838-858e-65a31ff7d15c', '4040a35e-82a8-4d5a-bde1-14cf567dddda', '48c63364-a9d1-4602-a051-e954b40ff40a', '52fe3a04-2fb7-4d0f-9b71-2d1a1895aa15', '67259cf0-a66e-491b-a080-d90ccf594f67', ...}</failure></testcase><testcase classname="tests.test_multi_sponsor" name="test_08_fee_agreement_send_to_alice" time="0.364" /><testcase classname="tests.test_multi_sponsor" name="test_09_fee_agreement_auto_pick_managing" time="0.108" /><testcase classname="tests.test_multi_sponsor" name="test_10_fee_agreement_send_to_bob_no_client_link" time="0.111" /><testcase classname="tests.test_multi_sponsor" name="test_11_legacy_sponsor_auto_migrates" time="0.204" /><testcase classname="tests.test_multi_sponsor" name="test_12_lender_view_sanitized_sponsors" time="0.398" /><testcase classname="tests.test_multi_sponsor" name="test_99_cleanup" time="0.198" /></testsuite></testsuites>