<?xml version="1.0" encoding="utf-8"?><testsuites name="pytest tests"><testsuite name="pytest" errors="0" failures="0" skipped="0" tests="16" time="6.940" timestamp="2026-07-23T19:49:08.502464+00:00" hostname="agent-env-06a4def0-ae15-4609-bf1b-81227abb9a4c"><testcase classname="tests.test_multi_file_upload.TestBorrowerMultiFile" name="test_01_upload_three_files_as_linked_sponsor" time="1.433" /><testcase classname="tests.test_multi_file_upload.TestBorrowerMultiFile" name="test_02_client_me_returns_all_three_files_in_order" time="0.123" /><testcase classname="tests.test_multi_file_upload.TestBorrowerMultiFile" name="test_03_delete_middle_file_keeps_others" time="0.216" /><testcase classname="tests.test_multi_file_upload.TestBorrowerMultiFile" name="test_04_delete_all_files_resets_status_to_pending" time="0.460" /><testcase classname="tests.test_multi_file_upload.TestAdminMultiFile" name="test_10_admin_upload_on_behalf" time="0.226" /><testcase classname="tests.test_multi_file_upload.TestAdminMultiFile" name="test_11_admin_delete_individual_file" time="0.494" /><testcase classname="tests.test_multi_file_upload.TestAdminScenarioZip" name="test_20_upload_files_across_two_lines" time="0.453" /><testcase classname="tests.test_multi_file_upload.TestAdminScenarioZip" name="test_21_zip_contains_all_three_files" time="0.129" /><testcase classname="tests.test_multi_file_upload.TestAdminScenarioZip" name="test_22_cleanup_line_b" time="0.256" /><testcase classname="tests.test_multi_file_upload.TestLenderView" name="test_30_setup_share_override_to_include_pfs" time="0.489" /><testcase classname="tests.test_multi_file_upload.TestLenderView" name="test_31_gate_and_get_package" time="0.232" /><testcase classname="tests.test_multi_file_upload.TestLenderView" name="test_32_fetch_specific_file_and_default" time="0.332" /><testcase classname="tests.test_multi_file_upload.TestLenderView" name="test_33_per_doc_zip" time="0.113" /><testcase classname="tests.test_multi_file_upload.TestLenderView" name="test_34_all_docs_zip" time="0.111" /><testcase classname="tests.test_multi_file_upload.TestLegacyCompat" name="test_40_synthetic_legacy_row_returns_files_array" time="0.834" /><testcase classname="tests.test_multi_file_upload.TestDeleteCascade" name="test_50_delete_scenario_doc_removes_all_underlying_files" time="1.019" /></testsuite></testsuites>