<?xml version="1.0" encoding="utf-8"?><testsuites name="pytest tests"><testsuite name="pytest" errors="0" failures="1" skipped="0" tests="5" time="8.939" timestamp="2026-07-21T15:59:43.081273+00:00" hostname="agent-env-06a4def0-ae15-4609-bf1b-81227abb9a4c"><testcase classname="tests.test_assistant_new_contacts.TestNewContactsBlock" name="test_add_three_contacts_persists_and_returns_block" time="4.813" /><testcase classname="tests.test_assistant_new_contacts.TestRegressionOtherBlocks" name="test_new_tasks_still_works" time="3.555"><failure message="AssertionError: Expected a new task, got: {'type': 'done', 'message_id': '52d8e24c-7521-4893-b25a-4929407ef737', 'text': &quot;Got it, Wayne — I'll remind you to call Rod on Friday (July 25th) about the Sugar Land deal.\n\nI see you already have a task for that same day and topic. Want me to update that one, or would you like a separate reminder?&quot;, 'email_draft': None, 'suggest_client': None, 'created_tasks': [], 'completed_task_ids': [], 'handoffs_sent': [], 'marketing_suggestion': None, 'new_contacts': [], '_raw_text': &quot;Got it, Wayne — I'll remind you to call Rod on Friday (July 25th) about the Sugar Land deal.\n\nI see you already have a task for that same day and topic. Want me to update that one, or would you like a separate reminder?&quot;}&#10;assert 0 &gt;= 1&#10; +  where 0 = len([])">tests/test_assistant_new_contacts.py:156: in test_new_tasks_still_works
    assert len(created) &gt;= 1, f"Expected a new task, got: {done}"
E   AssertionError: Expected a new task, got: {'type': 'done', 'message_id': '52d8e24c-7521-4893-b25a-4929407ef737', 'text': "Got it, Wayne — I'll remind you to call Rod on Friday (July 25th) about the Sugar Land deal.\n\nI see you already have a task for that same day and topic. Want me to update that one, or would you like a separate reminder?", 'email_draft': None, 'suggest_client': None, 'created_tasks': [], 'completed_task_ids': [], 'handoffs_sent': [], 'marketing_suggestion': None, 'new_contacts': [], '_raw_text': "Got it, Wayne — I'll remind you to call Rod on Friday (July 25th) about the Sugar Land deal.\n\nI see you already have a task for that same day and topic. Want me to update that one, or would you like a separate reminder?"}
E   assert 0 &gt;= 1
E    +  where 0 = len([])</failure></testcase><testcase classname="tests.test_assistant_new_contacts.TestRegressionOtherBlocks" name="test_email_draft_still_works" time="4.282" /><testcase classname="tests.test_assistant_new_contacts.TestNewContactsBlock" name="test_dedupe_same_name_or_email" time="2.543" /><testcase classname="tests.test_assistant_new_contacts.TestRegressionOtherBlocks" name="test_marketing_status_endpoint_still_works" time="0.173" /></testsuite></testsuites>