<?xml version="1.0" encoding="utf-8"?><testsuites name="pytest tests"><testsuite name="pytest" errors="0" failures="1" skipped="0" tests="27" time="73.437" timestamp="2026-08-30T20:08:07.588134+00:00" hostname="agent-env-06a4def0-ae15-4609-bf1b-81227abb9a4c"><testcase classname="tests.test_notes.TestRbac" name="test_client_cannot_touch_foreign_scenario" time="1.295" /><testcase classname="tests.test_deal_contacts.TestValidationAnd404" name="test_custom_type_required" time="1.313" /><testcase classname="tests.test_notes.TestRbac" name="test_unauthenticated_rejected" time="0.123" /><testcase classname="tests.test_deal_contacts.TestValidationAnd404" name="test_custom_type_accepted" time="0.450" /><testcase classname="tests.test_deal_contacts.TestValidationAnd404" name="test_unknown_type_falls_back_to_custom" time="0.176" /><testcase classname="tests.test_notes.TestRbac" name="test_scenario_404" time="0.474" /><testcase classname="tests.test_notes.TestRbac" name="test_note_404_on_wrong_scenario" time="0.380" /><testcase classname="tests.test_deal_contacts.TestValidationAnd404" name="test_scenario_404_all_verbs" time="0.537" /><testcase classname="tests.test_notes.TestClientCrud" name="test_owning_client_full_crud" time="0.528" /><testcase classname="tests.test_deal_contacts.TestValidationAnd404" name="test_contact_404" time="0.258" /><testcase classname="tests.test_deal_contacts.TestRbac" name="test_client_cannot_touch_foreign_scenario" time="0.537" /><testcase classname="tests.test_notes.TestClientCrud" name="test_client_cannot_edit_others_note" time="0.489" /><testcase classname="tests.test_notes.TestClientCrud" name="test_admin_can_delete_any_note" time="0.449" /><testcase classname="tests.test_deal_contacts.TestRbac" name="test_lender_read_only" time="1.255" /><testcase classname="tests.test_notes.TestAdminCrud" name="test_general_note_full_roundtrip" time="0.569" /><testcase classname="tests.test_notes.TestAdminCrud" name="test_doc_note_scoped" time="0.822" /><testcase classname="tests.test_deal_contacts.TestRbac" name="test_unauthenticated_rejected" time="0.113" /><testcase classname="tests.test_notes.TestLenderViewToken" name="test_gated_notes_endpoint" time="1.561" /><testcase classname="tests.test_notes.TestDocCountsAndHide" name="test_doc_counts_and_hide_from_lender" time="3.767" /><testcase classname="tests.test_notes.TestLenderViewToken" name="test_unknown_token_404" time="0.100" /><testcase classname="tests.test_notes.TestLenderAuthedAccess" name="test_lender_can_post_and_read_but_not_hide" time="1.279" /><testcase classname="tests.test_notes.TestDocCountsAndHide" name="test_hide_missing_note_404" time="0.127" /><testcase classname="tests.test_deal_contacts.TestAdminCrud" name="test_full_crud_roundtrip" time="2.041" /><testcase classname="tests.test_deal_contacts.TestLenderViewToken" name="test_token_requires_session_gate" time="1.702" /><testcase classname="tests.test_deal_contacts.TestClientCrud" name="test_owning_client_crud" time="0.331"><failure message="AssertionError: assert '4f6b660c-ce75-4a0a-863b-45105b05b09a' in []">tests/test_deal_contacts.py:211: in test_owning_client_crud
    assert cid in [x["id"] for x in g.json()["contacts"]]
E   AssertionError: assert '4f6b660c-ce75-4a0a-863b-45105b05b09a' in []</failure></testcase><testcase classname="tests.test_deal_contacts.TestLenderViewToken" name="test_unknown_token_404" time="0.138" /><testcase classname="tests.test_deal_contacts.TestAuditViaApi" name="test_audit_log_api_shows_contact_actions" time="62.167" /></testsuite></testsuites>