<?xml version="1.0" encoding="utf-8"?><testsuites name="pytest tests"><testsuite name="pytest" errors="0" failures="0" skipped="0" tests="10" time="18.714" timestamp="2026-07-10T13:13:43.478489+00:00" hostname="agent-env-06a4def0-ae15-4609-bf1b-81227abb9a4c"><testcase classname="tests.backend_test.TestAuth" name="test_root" time="0.230" /><testcase classname="tests.backend_test.TestAuth" name="test_register_and_login" time="1.090" /><testcase classname="tests.backend_test.TestCampaigns" name="test_list_campaigns" time="0.721" /><testcase classname="tests.backend_test.TestCampaigns" name="test_full_crud" time="0.957" /><testcase classname="tests.backend_test.TestAuth" name="test_login_invalid" time="0.355" /><testcase classname="tests.backend_test.TestAuth" name="test_me_unauthenticated" time="0.197" /><testcase classname="tests.backend_test.TestAI" name="test_adcopy" time="5.211" /><testcase classname="tests.backend_test.TestAnalytics" name="test_overview" time="0.428" /><testcase classname="tests.backend_test.TestChat" name="test_chat_stream_and_history" time="4.532" /><testcase classname="tests.backend_test.TestAI" name="test_keywords" time="11.389" /></testsuite></testsuites>