<?xml version="1.0" encoding="utf-8"?><testsuites name="pytest tests"><testsuite name="pytest" errors="0" failures="0" skipped="0" tests="16" time="4.313" timestamp="2026-07-16T02:27:42.670146+00:00" hostname="agent-env-06a4def0-ae15-4609-bf1b-81227abb9a4c"><testcase classname="tests.backend_test.TestPublic" name="test_root" time="0.213" /><testcase classname="tests.backend_test.TestPublic" name="test_testimonials" time="0.242" /><testcase classname="tests.backend_test.TestPublic" name="test_principals" time="0.152" /><testcase classname="tests.backend_test.TestAdminClientFlow" name="test_list_clients" time="0.667" /><testcase classname="tests.backend_test.TestPublic" name="test_quote_submit" time="0.109" /><testcase classname="tests.backend_test.TestAdminClientFlow" name="test_invite_create_and_accept" time="1.437" /><testcase classname="tests.backend_test.TestAuth" name="test_admin_login" time="0.383" /><testcase classname="tests.backend_test.TestAuth" name="test_invalid" time="0.339" /><testcase classname="tests.backend_test.TestAuth" name="test_me_unauth" time="0.332" /><testcase classname="tests.backend_test.TestAuth" name="test_me" time="0.433" /><testcase classname="tests.backend_test.TestAdminClientFlow" name="test_duplicate_invite_rejected" time="0.182" /><testcase classname="tests.backend_test.TestQuotes" name="test_quote_appears_in_admin" time="0.380" /><testcase classname="tests.backend_test.TestAdminClientFlow" name="test_add_and_update_and_delete_doc" time="0.919" /><testcase classname="tests.backend_test.TestSampleClient" name="test_sample_login_and_me" time="0.424" /><testcase classname="tests.backend_test.TestAdminClientFlow" name="test_client_upload_and_admin_status_flip" time="0.685" /><testcase classname="tests.backend_test.TestAdminClientFlow" name="test_client_cannot_access_admin" time="0.098" /></testsuite></testsuites>