<?xml version="1.0" encoding="utf-8"?><testsuites name="pytest tests"><testsuite name="pytest" errors="0" failures="0" skipped="0" tests="40" time="22.061" timestamp="2026-08-28T23:33:05.616488+00:00" hostname="agent-env-06a4def0-ae15-4609-bf1b-81227abb9a4c"><testcase classname="tests.test_two_factor.TestLoginNo2FA" name="test_login_returns_full_jwt" time="0.434" /><testcase classname="tests.test_two_factor.TestLoginNo2FA" name="test_me_works" time="0.053" /><testcase classname="tests.test_two_factor.TestLoginNo2FA" name="test_status_disabled" time="0.085" /><testcase classname="tests.test_two_factor.TestEnrollment" name="test_setup" time="0.122" /><testcase classname="tests.test_two_factor.TestEnrollment" name="test_verify_setup_bad_code" time="0.060" /><testcase classname="tests.test_two_factor.TestEnrollment" name="test_verify_setup_good_code" time="2.290" /><testcase classname="tests.test_two_factor.TestEnrollment" name="test_setup_again_rejected" time="0.073" /><testcase classname="tests.test_two_factor.TestEnrollment" name="test_status_enabled" time="0.064" /><testcase classname="tests.test_two_factor.TestChallengeFlow" name="test_login_requires_2fa" time="0.280" /><testcase classname="tests.test_two_factor.TestChallengeFlow" name="test_challenge_bad_code_400" time="0.057" /><testcase classname="tests.test_two_factor.TestChallengeFlow" name="test_challenge_valid_totp" time="0.157" /><testcase classname="tests.test_two_factor.TestChallengeFlow" name="test_challenge_token_not_reusable_as_auth_jwt" time="0.054" /><testcase classname="tests.test_two_factor.TestChallengeFlow" name="test_auth_jwt_rejected_as_challenge_token" time="0.053" /><testcase classname="tests.test_two_factor.TestEmailFallback" name="test_send_email_code" time="0.582" /><testcase classname="tests.test_two_factor.TestEmailFallback" name="test_send_email_code_bad_challenge" time="0.049" /><testcase classname="tests.test_two_factor.TestEmailFallback" name="test_email_wrong_code_400" time="0.278" /><testcase classname="tests.test_two_factor.TestEmailFallback" name="test_email_real_code_from_db" time="0.003" /><testcase classname="tests.test_two_factor.TestBackupCodes" name="test_backup_code_login" time="0.558" /><testcase classname="tests.test_two_factor.TestBackupCodes" name="test_remaining_decremented" time="0.089" /><testcase classname="tests.test_two_factor.TestBackupCodes" name="test_backup_code_single_use" time="2.323" /><testcase classname="tests.test_two_factor.TestBackupCodes" name="test_regenerate_backup_codes" time="2.266" /><testcase classname="tests.test_two_factor.TestBackupCodes" name="test_old_backup_code_invalid_after_regen" time="2.583" /><testcase classname="tests.test_two_factor.TestBackupCodes" name="test_new_backup_code_works" time="0.566" /><testcase classname="tests.test_two_factor.TestBackupCodes" name="test_regenerate_bad_totp" time="0.047" /><testcase classname="tests.test_two_factor.TestLockout" name="test_lockout_after_5_fails" time="0.751" /><testcase classname="tests.test_two_factor.TestLockout" name="test_valid_code_blocked_while_locked" time="0.353" /><testcase classname="tests.test_two_factor.TestDisable" name="test_disable_wrong_password" time="0.293" /><testcase classname="tests.test_two_factor.TestDisable" name="test_disable_bad_code" time="2.260" /><testcase classname="tests.test_two_factor.TestDisable" name="test_disable_success" time="0.279" /><testcase classname="tests.test_two_factor.TestDisable" name="test_status_after_disable" time="0.045" /><testcase classname="tests.test_two_factor.TestDisable" name="test_login_full_token_again" time="0.286" /><testcase classname="tests.test_two_factor.TestDisable" name="test_disable_when_not_enabled" time="0.074" /><testcase classname="tests.test_two_factor.TestAdminReset" name="test_enable_on_caleb" time="3.020" /><testcase classname="tests.test_two_factor.TestAdminReset" name="test_admin_reset" time="0.052" /><testcase classname="tests.test_two_factor.TestAdminReset" name="test_caleb_login_full_token" time="0.408" /><testcase classname="tests.test_two_factor.TestAdminReset" name="test_admin_reset_unknown_user_404" time="0.100" /><testcase classname="tests.test_two_factor.TestAdminReset" name="test_admin_reset_requires_admin" time="0.104" /><testcase classname="tests.test_two_factor.TestAuthHardening" name="test_bcrypt_hash_format" time="0.003" /><testcase classname="tests.test_two_factor.TestAuthHardening" name="test_2fa_endpoints_require_auth" time="0.709" /><testcase classname="tests.test_two_factor.TestAuthHardening" name="test_cors_credentials" time="0.074" /></testsuite></testsuites>