<?xml version="1.0" encoding="utf-8"?><testsuites name="pytest tests"><testsuite name="pytest" errors="0" failures="0" skipped="0" tests="54" time="63.165" timestamp="2026-08-30T01:31:08.328549+00:00" hostname="agent-env-06a4def0-ae15-4609-bf1b-81227abb9a4c"><testcase classname="tests.test_two_factor_email.TestTotpRegression" name="test_totp_enroll_still_works_and_sets_method_totp" time="4.026" /><testcase classname="tests.test_two_factor_email.TestEmailEnrollment" name="test_email_setup_sends_code_and_bad_code_rejected" time="1.258" /><testcase classname="tests.test_two_factor_email.TestEmailEnrollment" name="test_email_enrollment_happy_path_sets_method_email" time="11.228" /><testcase classname="tests.test_two_factor_email.TestEmailEnrollment" name="test_send_verification_requires_2fa_enabled" time="0.470" /><testcase classname="tests.test_two_factor_email.TestEmailEnrollment" name="test_email_setup_endpoints_require_auth" time="0.242" /><testcase classname="tests.test_two_factor_email.TestEmailOnlyUser" name="test_login_returns_email_primary" time="0.818" /><testcase classname="tests.test_two_factor_email.TestEmailOnlyUser" name="test_challenge_send_email_code_and_login_purpose_isolation" time="1.802" /><testcase classname="tests.test_two_factor_email.TestEmailOnlyUser" name="test_login_purpose_code_cannot_be_used_for_disable" time="2.610" /><testcase classname="tests.test_two_factor_email.TestCrossRole" name="test_role_can_enroll_email_2fa_and_status[client]" time="4.800" /><testcase classname="tests.test_two_factor_email.TestCrossRole" name="test_role_can_enroll_email_2fa_and_status[lender]" time="4.824" /><testcase classname="tests.test_two_factor_email.TestAdminReset" name="test_admin_reset_clears_two_fa_method" time="4.313" /><testcase classname="tests.test_two_factor_email.TestAdminReset" name="test_admin_reset_requires_admin_and_404_for_unknown" time="0.932" /><testcase classname="tests.test_two_factor.TestLoginNo2FA" name="test_login_returns_full_jwt" time="0.371" /><testcase classname="tests.test_two_factor.TestLoginNo2FA" name="test_me_works" time="0.051" /><testcase classname="tests.test_two_factor.TestLoginNo2FA" name="test_status_disabled" time="0.054" /><testcase classname="tests.test_two_factor.TestEnrollment" name="test_setup" time="0.060" /><testcase classname="tests.test_two_factor.TestEnrollment" name="test_verify_setup_bad_code" time="0.055" /><testcase classname="tests.test_two_factor.TestEnrollment" name="test_verify_setup_good_code" time="2.267" /><testcase classname="tests.test_two_factor.TestEnrollment" name="test_setup_again_rejected" time="0.058" /><testcase classname="tests.test_two_factor.TestEnrollment" name="test_status_enabled" time="0.054" /><testcase classname="tests.test_two_factor.TestChallengeFlow" name="test_login_requires_2fa" time="0.284" /><testcase classname="tests.test_two_factor.TestChallengeFlow" name="test_challenge_bad_code_400" time="0.053" /><testcase classname="tests.test_two_factor.TestChallengeFlow" name="test_challenge_valid_totp" time="0.120" /><testcase classname="tests.test_two_factor.TestChallengeFlow" name="test_challenge_token_not_reusable_as_auth_jwt" time="0.072" /><testcase classname="tests.test_two_factor.TestChallengeFlow" name="test_auth_jwt_rejected_as_challenge_token" time="0.060" /><testcase classname="tests.test_two_factor.TestEmailFallback" name="test_send_email_code" time="0.557" /><testcase classname="tests.test_two_factor.TestEmailFallback" name="test_send_email_code_bad_challenge" time="0.059" /><testcase classname="tests.test_two_factor.TestEmailFallback" name="test_email_wrong_code_400" time="0.284" /><testcase classname="tests.test_two_factor.TestEmailFallback" name="test_email_real_code_from_db" time="0.003" /><testcase classname="tests.test_two_factor.TestBackupCodes" name="test_backup_code_login" time="0.568" /><testcase classname="tests.test_two_factor.TestBackupCodes" name="test_remaining_decremented" time="0.063" /><testcase classname="tests.test_two_factor.TestBackupCodes" name="test_backup_code_single_use" time="2.334" /><testcase classname="tests.test_two_factor.TestBackupCodes" name="test_regenerate_backup_codes" time="2.276" /><testcase classname="tests.test_two_factor.TestBackupCodes" name="test_old_backup_code_invalid_after_regen" time="2.571" /><testcase classname="tests.test_two_factor.TestBackupCodes" name="test_new_backup_code_works" time="0.588" /><testcase classname="tests.test_two_factor.TestBackupCodes" name="test_regenerate_bad_totp" time="0.057" /><testcase classname="tests.test_two_factor.TestLockout" name="test_lockout_after_5_fails" time="0.693" /><testcase classname="tests.test_two_factor.TestLockout" name="test_valid_code_blocked_while_locked" time="3.342" /><testcase classname="tests.test_two_factor.TestDisable" name="test_disable_wrong_password" time="0.287" /><testcase classname="tests.test_two_factor.TestDisable" name="test_disable_bad_code" time="2.291" /><testcase classname="tests.test_two_factor.TestDisable" name="test_disable_success" time="0.275" /><testcase classname="tests.test_two_factor.TestDisable" name="test_status_after_disable" time="0.051" /><testcase classname="tests.test_two_factor.TestDisable" name="test_login_full_token_again" time="0.278" /><testcase classname="tests.test_two_factor.TestDisable" name="test_disable_when_not_enabled" time="0.054" /><testcase classname="tests.test_two_factor.TestAdminReset" name="test_enable_on_caleb" time="3.181" /><testcase classname="tests.test_two_factor.TestAdminReset" name="test_admin_reset" time="0.061" /><testcase classname="tests.test_two_factor.TestAdminReset" name="test_caleb_login_full_token" time="0.346" /><testcase classname="tests.test_two_factor.TestAdminReset" name="test_admin_reset_unknown_user_404" time="0.060" /><testcase classname="tests.test_two_factor.TestAdminReset" name="test_admin_reset_requires_admin" time="0.111" /><testcase classname="tests.test_two_factor.TestAuthHardening" name="test_bcrypt_hash_format" time="0.003" /><testcase classname="tests.test_two_factor.TestAuthHardening" name="test_2fa_endpoints_require_auth" time="0.568" /><testcase classname="tests.test_two_factor.TestAuthHardening" name="test_cors_credentials" time="0.096" /><testcase classname="tests.test_2fa_final_state" name="test_admin_accounts_clean" time="0.710" /><testcase classname="tests.test_2fa_final_state" name="test_login_sets_no_session_cookie_localstorage_jwt_design" time="0.367" /></testsuite></testsuites>